<?xml version="1.0" encoding="UTF-8"?>
<testng-results skipped="0" failed="0" total="1" passed="1">
  <reporter-output>
  </reporter-output>
  <suite name="Default suite" duration-ms="32703" started-at="2022-11-14T06:18:15Z" finished-at="2022-11-14T06:18:47Z">
    <groups>
    </groups>
    <test name="Default test" duration-ms="32703" started-at="2022-11-14T06:18:15Z" finished-at="2022-11-14T06:18:47Z">
      <class name="extentandframes.nestedframs">
        <test-method status="PASS" signature="Test()[pri:0, instance:extentandframes.nestedframs@78c03f1f]" name="Test" is-config="true" duration-ms="31237" started-at="2022-11-14T11:48:15Z" finished-at="2022-11-14T11:48:46Z">
          <reporter-output>
          </reporter-output>
        </test-method> <!-- Test -->
        <test-method status="PASS" signature="test1()[pri:0, instance:extentandframes.nestedframs@78c03f1f]" name="test1" duration-ms="1215" started-at="2022-11-14T11:48:46Z" finished-at="2022-11-14T11:48:47Z">
          <reporter-output>
          </reporter-output>
        </test-method> <!-- test1 -->
      </class> <!-- extentandframes.nestedframs -->
    </test> <!-- Default test -->
  </suite> <!-- Default suite -->
</testng-results>
